# JRE version: Java(TM) SE Runtime Environment (8.0_92-b14) (build 1.8.0_92-b14)
# Java VM: Java HotSpot(TM) Client VM (25.92-b14 mixed mode windows-x86 )
Heap:
 def new generation   total 39424K, used 21399K [0x05000000, 0x07ac0000, 0x0faa0000)
  eden space 35072K,  55% used [0x05000000, 0x0632ac10, 0x07240000)
  from space 4352K,  40% used [0x07240000, 0x073fb3e0, 0x07680000)
  to   space 4352K,   0% used [0x07680000, 0x07680000, 0x07ac0000)
 tenured generation   total 87424K, used 23958K [0x0faa0000, 0x15000000, 0x25000000)
   the space 87424K,  27% used [0x0faa0000, 0x112058c0, 0x11205a00, 0x15000000)
 Metaspace       used 18575K, capacity 19065K, committed 19072K, reserved 19840K
GC Heap History (10 events):
Event: 2.307 GC heap before
{Heap before GC invocations=3 (full 0):
 def new generation   total 39296K, used 27597K [0x05000000, 0x07aa0000, 0x0faa0000)
  eden space 34944K,  75% used [0x05000000, 0x069eedd8, 0x07220000)
  from space 4352K,  23% used [0x07660000, 0x077649d8, 0x07aa0000)
  to   space 4352K,   0% used [0x07220000, 0x07220000, 0x07660000)
 tenured generation   total 87424K, used 13108K [0x0faa0000, 0x15000000, 0x25000000)
   the space 87424K,  14% used [0x0faa0000, 0x1076d0b0, 0x1076d200, 0x15000000)
 Metaspace       used 11891K, capacity 12252K, committed 12288K, reserved 12672K
Event: 2.330 GC heap after
Heap after GC invocations=4 (full 1):
 def new generation   total 39424K, used 0K [0x05000000, 0x07ac0000, 0x0faa0000)
  eden space 35072K,   0% used [0x05000000, 0x05000000, 0x07240000)
  from space 4352K,   0% used [0x07240000, 0x07240000, 0x07680000)
  to   space 4352K,   0% used [0x07680000, 0x07680000, 0x07ac0000)
 tenured generation   total 87424K, used 14029K [0x0faa0000, 0x15000000, 0x25000000)
   the space 87424K,  16% used [0x0faa0000, 0x10853478, 0x10853600, 0x15000000)
 Metaspace       used 11891K, capacity 12252K, committed 12288K, reserved 12672K
}
Event: 3.253 GC heap before
{Heap before GC invocations=4 (full 1):
 def new generation   total 39424K, used 35072K [0x05000000, 0x07ac0000, 0x0faa0000)
  eden space 35072K, 100% used [0x05000000, 0x07240000, 0x07240000)
  from space 4352K,   0% used [0x07240000, 0x07240000, 0x07680000)
  to   space 4352K,   0% used [0x07680000, 0x07680000, 0x07ac0000)
 tenured generation   total 87424K, used 14029K [0x0faa0000, 0x15000000, 0x25000000)
   the space 87424K,  16% used [0x0faa0000, 0x10853478, 0x10853600, 0x15000000)
 Metaspace       used 15078K, capacity 15483K, committed 15488K, reserved 15744K
Event: 3.266 GC heap after
Heap after GC invocations=5 (full 1):
 def new generation   total 39424K, used 4352K [0x05000000, 0x07ac0000, 0x0faa0000)
  eden space 35072K,   0% used [0x05000000, 0x05000000, 0x07240000)
  from space 4352K, 100% used [0x07680000, 0x07ac0000, 0x07ac0000)
  to   space 4352K,   0% used [0x07240000, 0x07240000, 0x07680000)
 tenured generation   total 87424K, used 15571K [0x0faa0000, 0x15000000, 0x25000000)
   the space 87424K,  17% used [0x0faa0000, 0x109d4e78, 0x109d5000, 0x15000000)
 Metaspace       used 15078K, capacity 15483K, committed 15488K, reserved 15744K
}
Event: 133.752 GC heap before
{Heap before GC invocations=5 (full 1):
 def new generation   total 39424K, used 39424K [0x05000000, 0x07ac0000, 0x0faa0000)
  eden space 35072K, 100% used [0x05000000, 0x07240000, 0x07240000)
  from space 4352K, 100% used [0x07680000, 0x07ac0000, 0x07ac0000)
  to   space 4352K,   0% used [0x07240000, 0x07240000, 0x07680000)
 tenured generation   total 87424K, used 15571K [0x0faa0000, 0x15000000, 0x25000000)
   the space 87424K,  17% used [0x0faa0000, 0x109d4e78, 0x109d5000, 0x15000000)
 Metaspace       used 18118K, capacity 18579K, committed 18688K, reserved 18816K
Event: 133.772 GC heap after
Heap after GC invocations=6 (full 1):
 def new generation   total 39424K, used 4352K [0x05000000, 0x07ac0000, 0x0faa0000)
  eden space 35072K,   0% used [0x05000000, 0x05000000, 0x07240000)
  from space 4352K, 100% used [0x07240000, 0x07680000, 0x07680000)
  to   space 4352K,   0% used [0x07680000, 0x07680000, 0x07ac0000)
 tenured generation   total 87424K, used 20722K [0x0faa0000, 0x15000000, 0x25000000)
   the space 87424K,  23% used [0x0faa0000, 0x10edc968, 0x10edca00, 0x15000000)
 Metaspace       used 18118K, capacity 18579K, committed 18688K, reserved 18816K
}
Event: 1838.224 GC heap before
{Heap before GC invocations=6 (full 1):
 def new generation   total 39424K, used 39424K [0x05000000, 0x07ac0000, 0x0faa0000)
  eden space 35072K, 100% used [0x05000000, 0x07240000, 0x07240000)
  from space 4352K, 100% used [0x07240000, 0x07680000, 0x07680000)
  to   space 4352K,   0% used [0x07680000, 0x07680000, 0x07ac0000)
 tenured generation   total 87424K, used 20722K [0x0faa0000, 0x15000000, 0x25000000)
   the space 87424K,  23% used [0x0faa0000, 0x10edc968, 0x10edca00, 0x15000000)
 Metaspace       used 18185K, capacity 18643K, committed 18688K, reserved 18816K
Event: 1838.232 GC heap after
Heap after GC invocations=7 (full 1):
 def new generation   total 39424K, used 2055K [0x05000000, 0x07ac0000, 0x0faa0000)
  eden space 35072K,   0% used [0x05000000, 0x05000000, 0x07240000)
  from space 4352K,  47% used [0x07680000, 0x07881fa8, 0x07ac0000)
  to   space 4352K,   0% used [0x07240000, 0x07240000, 0x07680000)
 tenured generation   total 87424K, used 23958K [0x0faa0000, 0x15000000, 0x25000000)
   the space 87424K,  27% used [0x0faa0000, 0x112058c0, 0x11205a00, 0x15000000)
 Metaspace       used 18185K, capacity 18643K, committed 18688K, reserved 18816K
}
Event: 1871.052 GC heap before
{Heap before GC invocations=7 (full 1):
 def new generation   total 39424K, used 34020K [0x05000000, 0x07ac0000, 0x0faa0000)
  eden space 35072K,  91% used [0x05000000, 0x06f372a8, 0x07240000)
  from space 4352K,  47% used [0x07680000, 0x07881fa8, 0x07ac0000)
  to   space 4352K,   0% used [0x07240000, 0x07240000, 0x07680000)
 tenured generation   total 87424K, used 23958K [0x0faa0000, 0x15000000, 0x25000000)
   the space 87424K,  27% used [0x0faa0000, 0x112058c0, 0x11205a00, 0x15000000)
 Metaspace       used 18200K, capacity 18649K, committed 18688K, reserved 18816K
Event: 1871.056 GC heap after
Heap after GC invocations=8 (full 1):
 def new generation   total 39424K, used 1772K [0x05000000, 0x07ac0000, 0x0faa0000)
  eden space 35072K,   0% used [0x05000000, 0x05000000, 0x07240000)
  from space 4352K,  40% used [0x07240000, 0x073fb3e0, 0x07680000)
  to   space 4352K,   0% used [0x07680000, 0x07680000, 0x07ac0000)
 tenured generation   total 87424K, used 23958K [0x0faa0000, 0x15000000, 0x25000000)
   the space 87424K,  27% used [0x0faa0000, 0x112058c0, 0x11205a00, 0x15000000)
 Metaspace       used 18200K, capacity 18649K, committed 18688K, reserved 18816K
}

