# JRE version: Java(TM) SE Runtime Environment (8.0_92-b14) (build 1.8.0_92-b14)
# Java VM: Java HotSpot(TM) Client VM (25.92-b14 mixed mode windows-x86 )
Heap:
 def new generation   total 39424K, used 26863K [0x04600000, 0x070c0000, 0x0f0a0000)
  eden space 35072K,  75% used [0x04600000, 0x05fd47c0, 0x06840000)
  from space 4352K,   9% used [0x06c80000, 0x06ce7478, 0x070c0000)
  to   space 4352K,   0% used [0x06840000, 0x06840000, 0x06c80000)
 tenured generation   total 87424K, used 24216K [0x0f0a0000, 0x14600000, 0x24600000)
   the space 87424K,  27% used [0x0f0a0000, 0x10846320, 0x10846400, 0x14600000)
 Metaspace       used 18533K, capacity 19007K, committed 19072K, reserved 19840K
GC Heap History (10 events):
Event: 3546.859 GC heap before
{Heap before GC invocations=6 (full 1):
 def new generation   total 39424K, used 39424K [0x04600000, 0x070c0000, 0x0f0a0000)
  eden space 35072K, 100% used [0x04600000, 0x06840000, 0x06840000)
  from space 4352K, 100% used [0x06840000, 0x06c80000, 0x06c80000)
  to   space 4352K,   0% used [0x06c80000, 0x06c80000, 0x070c0000)
 tenured generation   total 87424K, used 20802K [0x0f0a0000, 0x14600000, 0x24600000)
   the space 87424K,  23% used [0x0f0a0000, 0x104f0a00, 0x104f0a00, 0x14600000)
 Metaspace       used 18134K, capacity 18579K, committed 18688K, reserved 18816K
Event: 3546.868 GC heap after
Heap after GC invocations=7 (full 1):
 def new generation   total 39424K, used 183K [0x04600000, 0x070c0000, 0x0f0a0000)
  eden space 35072K,   0% used [0x04600000, 0x04600000, 0x06840000)
  from space 4352K,   4% used [0x06c80000, 0x06cadd88, 0x070c0000)
  to   space 4352K,   0% used [0x06840000, 0x06840000, 0x06c80000)
 tenured generation   total 87424K, used 24216K [0x0f0a0000, 0x14600000, 0x24600000)
   the space 87424K,  27% used [0x0f0a0000, 0x10846320, 0x10846400, 0x14600000)
 Metaspace       used 18134K, capacity 18579K, committed 18688K, reserved 18816K
}
Event: 6211.166 GC heap before
{Heap before GC invocations=7 (full 1):
 def new generation   total 39424K, used 35255K [0x04600000, 0x070c0000, 0x0f0a0000)
  eden space 35072K, 100% used [0x04600000, 0x06840000, 0x06840000)
  from space 4352K,   4% used [0x06c80000, 0x06cadd88, 0x070c0000)
  to   space 4352K,   0% used [0x06840000, 0x06840000, 0x06c80000)
 tenured generation   total 87424K, used 24216K [0x0f0a0000, 0x14600000, 0x24600000)
   the space 87424K,  27% used [0x0f0a0000, 0x10846320, 0x10846400, 0x14600000)
 Metaspace       used 18401K, capacity 18872K, committed 18944K, reserved 19840K
Event: 6211.172 GC heap after
Heap after GC invocations=8 (full 1):
 def new generation   total 39424K, used 683K [0x04600000, 0x070c0000, 0x0f0a0000)
  eden space 35072K,   0% used [0x04600000, 0x04600000, 0x06840000)
  from space 4352K,  15% used [0x06840000, 0x068eace0, 0x06c80000)
  to   space 4352K,   0% used [0x06c80000, 0x06c80000, 0x070c0000)
 tenured generation   total 87424K, used 24216K [0x0f0a0000, 0x14600000, 0x24600000)
   the space 87424K,  27% used [0x0f0a0000, 0x10846320, 0x10846400, 0x14600000)
 Metaspace       used 18401K, capacity 18872K, committed 18944K, reserved 19840K
}
Event: 9524.764 GC heap before
{Heap before GC invocations=8 (full 1):
 def new generation   total 39424K, used 35755K [0x04600000, 0x070c0000, 0x0f0a0000)
  eden space 35072K, 100% used [0x04600000, 0x06840000, 0x06840000)
  from space 4352K,  15% used [0x06840000, 0x068eace0, 0x06c80000)
  to   space 4352K,   0% used [0x06c80000, 0x06c80000, 0x070c0000)
 tenured generation   total 87424K, used 24216K [0x0f0a0000, 0x14600000, 0x24600000)
   the space 87424K,  27% used [0x0f0a0000, 0x10846320, 0x10846400, 0x14600000)
 Metaspace       used 18406K, capacity 18874K, committed 18944K, reserved 19840K
Event: 9524.769 GC heap after
Heap after GC invocations=9 (full 1):
 def new generation   total 39424K, used 666K [0x04600000, 0x070c0000, 0x0f0a0000)
  eden space 35072K,   0% used [0x04600000, 0x04600000, 0x06840000)
  from space 4352K,  15% used [0x06c80000, 0x06d26a28, 0x070c0000)
  to   space 4352K,   0% used [0x06840000, 0x06840000, 0x06c80000)
 tenured generation   total 87424K, used 24216K [0x0f0a0000, 0x14600000, 0x24600000)
   the space 87424K,  27% used [0x0f0a0000, 0x10846320, 0x10846400, 0x14600000)
 Metaspace       used 18406K, capacity 18874K, committed 18944K, reserved 19840K
}
Event: 12920.812 GC heap before
{Heap before GC invocations=9 (full 1):
 def new generation   total 39424K, used 35738K [0x04600000, 0x070c0000, 0x0f0a0000)
  eden space 35072K, 100% used [0x04600000, 0x06840000, 0x06840000)
  from space 4352K,  15% used [0x06c80000, 0x06d26a28, 0x070c0000)
  to   space 4352K,   0% used [0x06840000, 0x06840000, 0x06c80000)
 tenured generation   total 87424K, used 24216K [0x0f0a0000, 0x14600000, 0x24600000)
   the space 87424K,  27% used [0x0f0a0000, 0x10846320, 0x10846400, 0x14600000)
 Metaspace       used 18406K, capacity 18874K, committed 18944K, reserved 19840K
Event: 12920.817 GC heap after
Heap after GC invocations=10 (full 1):
 def new generation   total 39424K, used 683K [0x04600000, 0x070c0000, 0x0f0a0000)
  eden space 35072K,   0% used [0x04600000, 0x04600000, 0x06840000)
  from space 4352K,  15% used [0x06840000, 0x068ead58, 0x06c80000)
  to   space 4352K,   0% used [0x06c80000, 0x06c80000, 0x070c0000)
 tenured generation   total 87424K, used 24216K [0x0f0a0000, 0x14600000, 0x24600000)
   the space 87424K,  27% used [0x0f0a0000, 0x10846320, 0x10846400, 0x14600000)
 Metaspace       used 18406K, capacity 18874K, committed 18944K, reserved 19840K
}
Event: 16763.769 GC heap before
{Heap before GC invocations=10 (full 1):
 def new generation   total 39424K, used 35755K [0x04600000, 0x070c0000, 0x0f0a0000)
  eden space 35072K, 100% used [0x04600000, 0x06840000, 0x06840000)
  from space 4352K,  15% used [0x06840000, 0x068ead58, 0x06c80000)
  to   space 4352K,   0% used [0x06c80000, 0x06c80000, 0x070c0000)
 tenured generation   total 87424K, used 24216K [0x0f0a0000, 0x14600000, 0x24600000)
   the space 87424K,  27% used [0x0f0a0000, 0x10846320, 0x10846400, 0x14600000)
 Metaspace       used 18406K, capacity 18874K, committed 18944K, reserved 19840K
Event: 16763.772 GC heap after
Heap after GC invocations=11 (full 1):
 def new generation   total 39424K, used 413K [0x04600000, 0x070c0000, 0x0f0a0000)
  eden space 35072K,   0% used [0x04600000, 0x04600000, 0x06840000)
  from space 4352K,   9% used [0x06c80000, 0x06ce7478, 0x070c0000)
  to   space 4352K,   0% used [0x06840000, 0x06840000, 0x06c80000)
 tenured generation   total 87424K, used 24216K [0x0f0a0000, 0x14600000, 0x24600000)
   the space 87424K,  27% used [0x0f0a0000, 0x10846320, 0x10846400, 0x14600000)
 Metaspace       used 18406K, capacity 18874K, committed 18944K, reserved 19840K
}

