# JRE version: Java(TM) SE Runtime Environment (8.0_92-b14) (build 1.8.0_92-b14)
# Java VM: Java HotSpot(TM) Client VM (25.92-b14 mixed mode windows-x86 )
Heap:
 def new generation   total 39424K, used 16761K [0x04600000, 0x070c0000, 0x0f0a0000)
  eden space 35072K,  47% used [0x04600000, 0x0565c798, 0x06840000)
  from space 4352K,   0% used [0x06840000, 0x06841f20, 0x06c80000)
  to   space 4352K,   0% used [0x06c80000, 0x06c80000, 0x070c0000)
 tenured generation   total 87424K, used 27683K [0x0f0a0000, 0x14600000, 0x24600000)
   the space 87424K,  31% used [0x0f0a0000, 0x10ba8cc0, 0x10ba8e00, 0x14600000)
 Metaspace       used 18293K, capacity 18735K, committed 18816K, reserved 18816K
GC Heap History (10 events):
Event: 891.960 GC heap before
{Heap before GC invocations=177 (full 1):
 def new generation   total 39424K, used 35072K [0x04600000, 0x070c0000, 0x0f0a0000)
  eden space 35072K, 100% used [0x04600000, 0x06840000, 0x06840000)
  from space 4352K,   0% used [0x06c80000, 0x06c80350, 0x070c0000)
  to   space 4352K,   0% used [0x06840000, 0x06840000, 0x06c80000)
 tenured generation   total 87424K, used 27683K [0x0f0a0000, 0x14600000, 0x24600000)
   the space 87424K,  31% used [0x0f0a0000, 0x10ba8cc0, 0x10ba8e00, 0x14600000)
 Metaspace       used 18282K, capacity 18735K, committed 18816K, reserved 18816K
Event: 891.961 GC heap after
Heap after GC invocations=178 (full 1):
 def new generation   total 39424K, used 0K [0x04600000, 0x070c0000, 0x0f0a0000)
  eden space 35072K,   0% used [0x04600000, 0x04600000, 0x06840000)
  from space 4352K,   0% used [0x06840000, 0x06840340, 0x06c80000)
  to   space 4352K,   0% used [0x06c80000, 0x06c80000, 0x070c0000)
 tenured generation   total 87424K, used 27683K [0x0f0a0000, 0x14600000, 0x24600000)
   the space 87424K,  31% used [0x0f0a0000, 0x10ba8cc0, 0x10ba8e00, 0x14600000)
 Metaspace       used 18282K, capacity 18735K, committed 18816K, reserved 18816K
}
Event: 894.734 GC heap before
{Heap before GC invocations=178 (full 1):
 def new generation   total 39424K, used 35072K [0x04600000, 0x070c0000, 0x0f0a0000)
  eden space 35072K, 100% used [0x04600000, 0x06840000, 0x06840000)
  from space 4352K,   0% used [0x06840000, 0x06840340, 0x06c80000)
  to   space 4352K,   0% used [0x06c80000, 0x06c80000, 0x070c0000)
 tenured generation   total 87424K, used 27683K [0x0f0a0000, 0x14600000, 0x24600000)
   the space 87424K,  31% used [0x0f0a0000, 0x10ba8cc0, 0x10ba8e00, 0x14600000)
 Metaspace       used 18282K, capacity 18735K, committed 18816K, reserved 18816K
Event: 894.735 GC heap after
Heap after GC invocations=179 (full 1):
 def new generation   total 39424K, used 0K [0x04600000, 0x070c0000, 0x0f0a0000)
  eden space 35072K,   0% used [0x04600000, 0x04600000, 0x06840000)
  from space 4352K,   0% used [0x06c80000, 0x06c80350, 0x070c0000)
  to   space 4352K,   0% used [0x06840000, 0x06840000, 0x06c80000)
 tenured generation   total 87424K, used 27683K [0x0f0a0000, 0x14600000, 0x24600000)
   the space 87424K,  31% used [0x0f0a0000, 0x10ba8cc0, 0x10ba8e00, 0x14600000)
 Metaspace       used 18282K, capacity 18735K, committed 18816K, reserved 18816K
}
Event: 897.506 GC heap before
{Heap before GC invocations=179 (full 1):
 def new generation   total 39424K, used 35072K [0x04600000, 0x070c0000, 0x0f0a0000)
  eden space 35072K, 100% used [0x04600000, 0x06840000, 0x06840000)
  from space 4352K,   0% used [0x06c80000, 0x06c80350, 0x070c0000)
  to   space 4352K,   0% used [0x06840000, 0x06840000, 0x06c80000)
 tenured generation   total 87424K, used 27683K [0x0f0a0000, 0x14600000, 0x24600000)
   the space 87424K,  31% used [0x0f0a0000, 0x10ba8cc0, 0x10ba8e00, 0x14600000)
 Metaspace       used 18282K, capacity 18735K, committed 18816K, reserved 18816K
Event: 897.507 GC heap after
Heap after GC invocations=180 (full 1):
 def new generation   total 39424K, used 2K [0x04600000, 0x070c0000, 0x0f0a0000)
  eden space 35072K,   0% used [0x04600000, 0x04600000, 0x06840000)
  from space 4352K,   0% used [0x06840000, 0x06840820, 0x06c80000)
  to   space 4352K,   0% used [0x06c80000, 0x06c80000, 0x070c0000)
 tenured generation   total 87424K, used 27683K [0x0f0a0000, 0x14600000, 0x24600000)
   the space 87424K,  31% used [0x0f0a0000, 0x10ba8cc0, 0x10ba8e00, 0x14600000)
 Metaspace       used 18282K, capacity 18735K, committed 18816K, reserved 18816K
}
Event: 900.726 GC heap before
{Heap before GC invocations=180 (full 1):
 def new generation   total 39424K, used 35074K [0x04600000, 0x070c0000, 0x0f0a0000)
  eden space 35072K, 100% used [0x04600000, 0x06840000, 0x06840000)
  from space 4352K,   0% used [0x06840000, 0x06840820, 0x06c80000)
  to   space 4352K,   0% used [0x06c80000, 0x06c80000, 0x070c0000)
 tenured generation   total 87424K, used 27683K [0x0f0a0000, 0x14600000, 0x24600000)
   the space 87424K,  31% used [0x0f0a0000, 0x10ba8cc0, 0x10ba8e00, 0x14600000)
 Metaspace       used 18282K, capacity 18735K, committed 18816K, reserved 18816K
Event: 900.728 GC heap after
Heap after GC invocations=181 (full 1):
 def new generation   total 39424K, used 0K [0x04600000, 0x070c0000, 0x0f0a0000)
  eden space 35072K,   0% used [0x04600000, 0x04600000, 0x06840000)
  from space 4352K,   0% used [0x06c80000, 0x06c80350, 0x070c0000)
  to   space 4352K,   0% used [0x06840000, 0x06840000, 0x06c80000)
 tenured generation   total 87424K, used 27683K [0x0f0a0000, 0x14600000, 0x24600000)
   the space 87424K,  31% used [0x0f0a0000, 0x10ba8cc0, 0x10ba8e00, 0x14600000)
 Metaspace       used 18282K, capacity 18735K, committed 18816K, reserved 18816K
}
Event: 1364.496 GC heap before
{Heap before GC invocations=181 (full 1):
 def new generation   total 39424K, used 35072K [0x04600000, 0x070c0000, 0x0f0a0000)
  eden space 35072K, 100% used [0x04600000, 0x06840000, 0x06840000)
  from space 4352K,   0% used [0x06c80000, 0x06c80350, 0x070c0000)
  to   space 4352K,   0% used [0x06840000, 0x06840000, 0x06c80000)
 tenured generation   total 87424K, used 27683K [0x0f0a0000, 0x14600000, 0x24600000)
   the space 87424K,  31% used [0x0f0a0000, 0x10ba8cc0, 0x10ba8e00, 0x14600000)
 Metaspace       used 18293K, capacity 18735K, committed 18816K, reserved 18816K
Event: 1364.498 GC heap after
Heap after GC invocations=182 (full 1):
 def new generation   total 39424K, used 7K [0x04600000, 0x070c0000, 0x0f0a0000)
  eden space 35072K,   0% used [0x04600000, 0x04600000, 0x06840000)
  from space 4352K,   0% used [0x06840000, 0x06841f20, 0x06c80000)
  to   space 4352K,   0% used [0x06c80000, 0x06c80000, 0x070c0000)
 tenured generation   total 87424K, used 27683K [0x0f0a0000, 0x14600000, 0x24600000)
   the space 87424K,  31% used [0x0f0a0000, 0x10ba8cc0, 0x10ba8e00, 0x14600000)
 Metaspace       used 18293K, capacity 18735K, committed 18816K, reserved 18816K
}

